2025-01-18 12:00:17,984 INFO o.a.j.u.JMeterUtils: Setting Locale to en_EN
2025-01-18 12:00:18,032 INFO o.a.j.JMeter: Loading user properties from: user.properties
2025-01-18 12:00:18,044 INFO o.a.j.JMeter: Loading system properties from: system.properties
2025-01-18 12:00:18,054 INFO o.a.j.JMeter: Copyright (c) 1998-2024 The Apache Software Foundation
2025-01-18 12:00:18,054 INFO o.a.j.JMeter: Version 5.6.3
2025-01-18 12:00:18,054 INFO o.a.j.JMeter: java.version=21.0.5
2025-01-18 12:00:18,054 INFO o.a.j.JMeter: java.vm.name=Java HotSpot(TM) 64-Bit Server VM
2025-01-18 12:00:18,054 INFO o.a.j.JMeter: os.name=Windows 11
2025-01-18 12:00:18,054 INFO o.a.j.JMeter: os.arch=amd64
2025-01-18 12:00:18,055 INFO o.a.j.JMeter: os.version=10.0
2025-01-18 12:00:18,055 INFO o.a.j.JMeter: file.encoding=UTF-8
2025-01-18 12:00:18,055 INFO o.a.j.JMeter: java.awt.headless=null
2025-01-18 12:00:18,055 INFO o.a.j.JMeter: Max memory     =1073741824
2025-01-18 12:00:18,055 INFO o.a.j.JMeter: Available Processors =8
2025-01-18 12:00:18,066 INFO o.a.j.JMeter: Default Locale=English (EN)
2025-01-18 12:00:18,066 INFO o.a.j.JMeter: JMeter  Locale=English (EN)
2025-01-18 12:00:18,066 INFO o.a.j.JMeter: JMeterHome=D:\Projects\PROJECTS\DURGESH MICROSERVICES 1\apache-jmeter-5.6.3
2025-01-18 12:00:18,066 INFO o.a.j.JMeter: user.dir  =D:\Projects\PROJECTS\DURGESH MICROSERVICES 1\apache-jmeter-5.6.3\bin
2025-01-18 12:00:18,066 INFO o.a.j.JMeter: PWD       =D:\Projects\PROJECTS\DURGESH MICROSERVICES 1\apache-jmeter-5.6.3\bin
2025-01-18 12:00:18,068 INFO o.a.j.JMeter: IP: 192.168.0.101 Name: Ravi FullName: host.docker.internal
2025-01-18 12:00:18,088 INFO o.a.j.JMeter: Loaded icon properties from org/apache/jmeter/images/icon.properties
2025-01-18 12:00:18,400 INFO o.a.j.JMeterGuiLauncher: Setting LAF to: com.github.weisj.darklaf.DarkLaf:com.github.weisj.darklaf.theme.DarculaTheme
2025-01-18 12:01:27,354 INFO o.a.j.p.h.s.HTTPSamplerBase: Parser for text/html is org.apache.jmeter.protocol.http.parser.LagartoBasedHtmlParser
2025-01-18 12:01:27,354 INFO o.a.j.p.h.s.HTTPSamplerBase: Parser for application/xhtml+xml is org.apache.jmeter.protocol.http.parser.LagartoBasedHtmlParser
2025-01-18 12:01:27,355 INFO o.a.j.p.h.s.HTTPSamplerBase: Parser for application/xml is org.apache.jmeter.protocol.http.parser.LagartoBasedHtmlParser
2025-01-18 12:01:27,355 INFO o.a.j.p.h.s.HTTPSamplerBase: Parser for text/xml is org.apache.jmeter.protocol.http.parser.LagartoBasedHtmlParser
2025-01-18 12:01:27,355 INFO o.a.j.p.h.s.HTTPSamplerBase: Parser for text/vnd.wap.wml is org.apache.jmeter.protocol.http.parser.RegexpHTMLParser
2025-01-18 12:01:27,355 INFO o.a.j.p.h.s.HTTPSamplerBase: Parser for text/css is org.apache.jmeter.protocol.http.parser.CssParser
2025-01-18 12:03:38,419 INFO o.a.j.s.SampleResult: Note: Sample TimeStamps are START times
2025-01-18 12:03:38,420 INFO o.a.j.s.SampleResult: sampleresult.default.encoding is set to UTF-8
2025-01-18 12:03:38,420 INFO o.a.j.s.SampleResult: sampleresult.useNanoTime=true
2025-01-18 12:03:38,420 INFO o.a.j.s.SampleResult: sampleresult.nanoThreadSleep=5000
2025-01-18 12:04:10,115 INFO o.a.j.s.FileServer: Default base='D:\Projects\PROJECTS\DURGESH MICROSERVICES 1\apache-jmeter-5.6.3\bin'
2025-01-18 12:04:10,116 INFO o.a.j.s.FileServer: Set new base='D:\Projects\PROJECTS\DURGESH MICROSERVICES 1\apache-jmeter-5.6.3\bin'
2025-01-18 12:04:10,387 INFO o.a.j.s.SaveService: Testplan (JMX) version: 2.2. Testlog (JTL) version: 2.2
2025-01-18 12:04:10,439 INFO o.a.j.s.SaveService: Using SaveService properties version 5.0
2025-01-18 12:04:10,441 INFO o.a.j.s.SaveService: Using SaveService properties file encoding UTF-8
2025-01-18 12:04:10,476 INFO o.a.j.e.StandardJMeterEngine: Running the test!
2025-01-18 12:04:10,477 INFO o.a.j.s.SampleEvent: List of sample_variables: []
2025-01-18 12:04:10,477 INFO o.a.j.s.SampleEvent: List of sample_variables: []
2025-01-18 12:04:10,479 INFO o.a.j.e.u.CompoundVariable: Note: Function class names must contain the string: '.functions.'
2025-01-18 12:04:10,479 INFO o.a.j.e.u.CompoundVariable: Note: Function class names must not contain the string: '.gui.'
2025-01-18 12:04:10,547 INFO o.a.j.g.u.JMeterMenuBar: setRunning(true, *local*)
2025-01-18 12:04:10,586 INFO o.a.j.e.StandardJMeterEngine: Starting ThreadGroup: 1 : Thread Group
2025-01-18 12:04:10,586 INFO o.a.j.e.StandardJMeterEngine: Starting 15 threads for group Thread Group.
2025-01-18 12:04:10,586 INFO o.a.j.e.StandardJMeterEngine: Thread will continue on error
2025-01-18 12:04:10,586 INFO o.a.j.t.ThreadGroup: Starting thread group... number=1 threads=15 ramp-up=1 delayedStart=false
2025-01-18 12:04:10,590 INFO o.a.j.t.JMeterThread: Thread started: Thread Group 1-1
2025-01-18 12:04:10,595 INFO o.a.j.t.ThreadGroup: Started thread group number 1
2025-01-18 12:04:10,596 INFO o.a.j.e.StandardJMeterEngine: All thread groups have been started
2025-01-18 12:04:10,609 INFO o.a.j.p.h.s.HTTPHCAbstractImpl: Local host = Ravi
2025-01-18 12:04:10,619 INFO o.a.j.p.h.s.HTTPHC4Impl: HTTP request retry count = 0
2025-01-18 12:04:10,654 INFO o.a.j.t.JMeterThread: Thread started: Thread Group 1-2
2025-01-18 12:04:10,723 INFO o.a.j.t.JMeterThread: Thread started: Thread Group 1-3
2025-01-18 12:04:10,789 INFO o.a.j.t.JMeterThread: Thread started: Thread Group 1-4
2025-01-18 12:04:10,813 INFO o.a.j.t.JMeterThread: Thread is done: Thread Group 1-1
2025-01-18 12:04:10,813 INFO o.a.j.t.JMeterThread: Thread is done: Thread Group 1-2
2025-01-18 12:04:10,813 INFO o.a.j.t.JMeterThread: Thread finished: Thread Group 1-1
2025-01-18 12:04:10,813 INFO o.a.j.t.JMeterThread: Thread finished: Thread Group 1-2
2025-01-18 12:04:10,857 INFO o.a.j.t.JMeterThread: Thread started: Thread Group 1-5
2025-01-18 12:04:10,923 INFO o.a.j.t.JMeterThread: Thread started: Thread Group 1-6
2025-01-18 12:04:10,989 INFO o.a.j.t.JMeterThread: Thread started: Thread Group 1-7
2025-01-18 12:04:11,058 INFO o.a.j.t.JMeterThread: Thread started: Thread Group 1-8
2025-01-18 12:04:11,123 INFO o.a.j.t.JMeterThread: Thread started: Thread Group 1-9
2025-01-18 12:04:11,190 INFO o.a.j.t.JMeterThread: Thread started: Thread Group 1-10
2025-01-18 12:04:11,257 INFO o.a.j.t.JMeterThread: Thread started: Thread Group 1-11
2025-01-18 12:04:11,326 INFO o.a.j.t.JMeterThread: Thread started: Thread Group 1-12
2025-01-18 12:04:11,392 INFO o.a.j.t.JMeterThread: Thread started: Thread Group 1-13
2025-01-18 12:04:11,458 INFO o.a.j.t.JMeterThread: Thread started: Thread Group 1-14
2025-01-18 12:04:11,526 INFO o.a.j.t.JMeterThread: Thread started: Thread Group 1-15
2025-01-18 12:04:11,803 INFO o.a.j.t.JMeterThread: Thread is done: Thread Group 1-3
2025-01-18 12:04:11,803 INFO o.a.j.t.JMeterThread: Thread is done: Thread Group 1-4
2025-01-18 12:04:11,803 INFO o.a.j.t.JMeterThread: Thread finished: Thread Group 1-3
2025-01-18 12:04:11,803 INFO o.a.j.t.JMeterThread: Thread finished: Thread Group 1-4
2025-01-18 12:04:11,876 INFO o.a.j.t.JMeterThread: Thread is done: Thread Group 1-5
2025-01-18 12:04:11,876 INFO o.a.j.t.JMeterThread: Thread finished: Thread Group 1-5
2025-01-18 12:04:11,939 INFO o.a.j.t.JMeterThread: Thread is done: Thread Group 1-6
2025-01-18 12:04:11,939 INFO o.a.j.t.JMeterThread: Thread finished: Thread Group 1-6
2025-01-18 12:04:12,002 INFO o.a.j.t.JMeterThread: Thread is done: Thread Group 1-7
2025-01-18 12:04:12,002 INFO o.a.j.t.JMeterThread: Thread finished: Thread Group 1-7
2025-01-18 12:04:12,065 INFO o.a.j.t.JMeterThread: Thread is done: Thread Group 1-8
2025-01-18 12:04:12,065 INFO o.a.j.t.JMeterThread: Thread finished: Thread Group 1-8
2025-01-18 12:04:12,143 INFO o.a.j.t.JMeterThread: Thread is done: Thread Group 1-9
2025-01-18 12:04:12,143 INFO o.a.j.t.JMeterThread: Thread finished: Thread Group 1-9
2025-01-18 12:04:12,206 INFO o.a.j.t.JMeterThread: Thread is done: Thread Group 1-10
2025-01-18 12:04:12,206 INFO o.a.j.t.JMeterThread: Thread finished: Thread Group 1-10
2025-01-18 12:04:12,247 INFO o.a.j.t.JMeterThread: Thread is done: Thread Group 1-11
2025-01-18 12:04:12,247 INFO o.a.j.t.JMeterThread: Thread is done: Thread Group 1-12
2025-01-18 12:04:12,247 INFO o.a.j.t.JMeterThread: Thread finished: Thread Group 1-11
2025-01-18 12:04:12,247 INFO o.a.j.t.JMeterThread: Thread finished: Thread Group 1-12
2025-01-18 12:04:12,410 INFO o.a.j.t.JMeterThread: Thread is done: Thread Group 1-13
2025-01-18 12:04:12,411 INFO o.a.j.t.JMeterThread: Thread finished: Thread Group 1-13
2025-01-18 12:04:12,489 INFO o.a.j.t.JMeterThread: Thread is done: Thread Group 1-14
2025-01-18 12:04:12,489 INFO o.a.j.t.JMeterThread: Thread finished: Thread Group 1-14
2025-01-18 12:04:12,538 INFO o.a.j.t.JMeterThread: Thread is done: Thread Group 1-15
2025-01-18 12:04:12,538 INFO o.a.j.t.JMeterThread: Thread finished: Thread Group 1-15
2025-01-18 12:04:12,538 INFO o.a.j.e.StandardJMeterEngine: Notifying test listeners of end of test
2025-01-18 12:04:12,538 INFO o.a.j.g.u.JMeterMenuBar: setRunning(false, *local*)
2025-01-18 12:06:47,155 INFO o.a.j.e.StandardJMeterEngine: Running the test!
2025-01-18 12:06:47,156 INFO o.a.j.s.SampleEvent: List of sample_variables: []
2025-01-18 12:06:47,156 INFO o.a.j.g.u.JMeterMenuBar: setRunning(true, *local*)
2025-01-18 12:06:47,188 INFO o.a.j.e.StandardJMeterEngine: Starting ThreadGroup: 1 : Thread Group
2025-01-18 12:06:47,188 INFO o.a.j.e.StandardJMeterEngine: Starting 15 threads for group Thread Group.
2025-01-18 12:06:47,188 INFO o.a.j.e.StandardJMeterEngine: Thread will continue on error
2025-01-18 12:06:47,188 INFO o.a.j.t.ThreadGroup: Starting thread group... number=1 threads=15 ramp-up=1 delayedStart=false
2025-01-18 12:06:47,189 INFO o.a.j.t.JMeterThread: Thread started: Thread Group 1-1
2025-01-18 12:06:47,193 INFO o.a.j.t.ThreadGroup: Started thread group number 1
2025-01-18 12:06:47,193 INFO o.a.j.e.StandardJMeterEngine: All thread groups have been started
2025-01-18 12:06:47,257 INFO o.a.j.t.JMeterThread: Thread started: Thread Group 1-2
2025-01-18 12:06:47,325 INFO o.a.j.t.JMeterThread: Thread started: Thread Group 1-3
2025-01-18 12:06:47,392 INFO o.a.j.t.JMeterThread: Thread started: Thread Group 1-4
2025-01-18 12:06:47,460 INFO o.a.j.t.JMeterThread: Thread started: Thread Group 1-5
2025-01-18 12:06:47,487 INFO o.a.j.t.JMeterThread: Thread is done: Thread Group 1-2
2025-01-18 12:06:47,487 INFO o.a.j.t.JMeterThread: Thread is done: Thread Group 1-1
2025-01-18 12:06:47,487 INFO o.a.j.t.JMeterThread: Thread finished: Thread Group 1-2
2025-01-18 12:06:47,487 INFO o.a.j.t.JMeterThread: Thread finished: Thread Group 1-1
2025-01-18 12:06:47,527 INFO o.a.j.t.JMeterThread: Thread started: Thread Group 1-6
2025-01-18 12:06:47,594 INFO o.a.j.t.JMeterThread: Thread started: Thread Group 1-7
2025-01-18 12:06:47,660 INFO o.a.j.t.JMeterThread: Thread started: Thread Group 1-8
2025-01-18 12:06:47,728 INFO o.a.j.t.JMeterThread: Thread started: Thread Group 1-9
2025-01-18 12:06:47,794 INFO o.a.j.t.JMeterThread: Thread started: Thread Group 1-10
2025-01-18 12:06:47,860 INFO o.a.j.t.JMeterThread: Thread started: Thread Group 1-11
2025-01-18 12:06:47,927 INFO o.a.j.t.JMeterThread: Thread started: Thread Group 1-12
2025-01-18 12:06:47,994 INFO o.a.j.t.JMeterThread: Thread started: Thread Group 1-13
2025-01-18 12:06:48,060 INFO o.a.j.t.JMeterThread: Thread started: Thread Group 1-14
2025-01-18 12:06:48,128 INFO o.a.j.t.JMeterThread: Thread started: Thread Group 1-15
2025-01-18 12:06:50,082 INFO o.a.j.t.JMeterThread: Thread is done: Thread Group 1-4
2025-01-18 12:06:50,082 INFO o.a.j.t.JMeterThread: Thread is done: Thread Group 1-3
2025-01-18 12:06:50,083 INFO o.a.j.t.JMeterThread: Thread finished: Thread Group 1-4
2025-01-18 12:06:50,083 INFO o.a.j.t.JMeterThread: Thread finished: Thread Group 1-3
2025-01-18 12:06:52,485 INFO o.a.j.t.JMeterThread: Thread is done: Thread Group 1-5
2025-01-18 12:06:52,486 INFO o.a.j.t.JMeterThread: Thread finished: Thread Group 1-5
2025-01-18 12:06:52,545 INFO o.a.j.t.JMeterThread: Thread is done: Thread Group 1-6
2025-01-18 12:06:52,545 INFO o.a.j.t.JMeterThread: Thread finished: Thread Group 1-6
2025-01-18 12:06:52,606 INFO o.a.j.t.JMeterThread: Thread is done: Thread Group 1-7
2025-01-18 12:06:52,606 INFO o.a.j.t.JMeterThread: Thread finished: Thread Group 1-7
2025-01-18 12:06:52,668 INFO o.a.j.t.JMeterThread: Thread is done: Thread Group 1-8
2025-01-18 12:06:52,668 INFO o.a.j.t.JMeterThread: Thread finished: Thread Group 1-8
2025-01-18 12:06:52,747 INFO o.a.j.t.JMeterThread: Thread is done: Thread Group 1-9
2025-01-18 12:06:52,747 INFO o.a.j.t.JMeterThread: Thread finished: Thread Group 1-9
2025-01-18 12:06:52,809 INFO o.a.j.t.JMeterThread: Thread is done: Thread Group 1-10
2025-01-18 12:06:52,809 INFO o.a.j.t.JMeterThread: Thread finished: Thread Group 1-10
2025-01-18 12:06:52,873 INFO o.a.j.t.JMeterThread: Thread is done: Thread Group 1-11
2025-01-18 12:06:52,873 INFO o.a.j.t.JMeterThread: Thread finished: Thread Group 1-11
2025-01-18 12:06:52,953 INFO o.a.j.t.JMeterThread: Thread is done: Thread Group 1-12
2025-01-18 12:06:52,954 INFO o.a.j.t.JMeterThread: Thread finished: Thread Group 1-12
2025-01-18 12:06:53,011 INFO o.a.j.t.JMeterThread: Thread is done: Thread Group 1-13
2025-01-18 12:06:53,011 INFO o.a.j.t.JMeterThread: Thread finished: Thread Group 1-13
2025-01-18 12:06:53,075 INFO o.a.j.t.JMeterThread: Thread is done: Thread Group 1-14
2025-01-18 12:06:53,075 INFO o.a.j.t.JMeterThread: Thread finished: Thread Group 1-14
2025-01-18 12:06:53,137 INFO o.a.j.t.JMeterThread: Thread is done: Thread Group 1-15
2025-01-18 12:06:53,137 INFO o.a.j.t.JMeterThread: Thread finished: Thread Group 1-15
2025-01-18 12:06:53,137 INFO o.a.j.e.StandardJMeterEngine: Notifying test listeners of end of test
2025-01-18 12:06:53,138 INFO o.a.j.g.u.JMeterMenuBar: setRunning(false, *local*)
2025-01-18 12:14:23,678 INFO o.a.j.e.StandardJMeterEngine: Running the test!
2025-01-18 12:14:23,679 INFO o.a.j.s.SampleEvent: List of sample_variables: []
2025-01-18 12:14:23,680 INFO o.a.j.g.u.JMeterMenuBar: setRunning(true, *local*)
2025-01-18 12:14:23,717 INFO o.a.j.e.StandardJMeterEngine: Starting ThreadGroup: 1 : Thread Group
2025-01-18 12:14:23,717 INFO o.a.j.e.StandardJMeterEngine: Starting 15 threads for group Thread Group.
2025-01-18 12:14:23,717 INFO o.a.j.e.StandardJMeterEngine: Thread will continue on error
2025-01-18 12:14:23,717 INFO o.a.j.t.ThreadGroup: Starting thread group... number=1 threads=15 ramp-up=1 delayedStart=false
2025-01-18 12:14:23,719 INFO o.a.j.t.JMeterThread: Thread started: Thread Group 1-1
2025-01-18 12:14:23,722 INFO o.a.j.t.ThreadGroup: Started thread group number 1
2025-01-18 12:14:23,722 INFO o.a.j.e.StandardJMeterEngine: All thread groups have been started
2025-01-18 12:14:23,786 INFO o.a.j.t.JMeterThread: Thread started: Thread Group 1-2
2025-01-18 12:14:23,853 INFO o.a.j.t.JMeterThread: Thread started: Thread Group 1-3
2025-01-18 12:14:23,921 INFO o.a.j.t.JMeterThread: Thread started: Thread Group 1-4
2025-01-18 12:14:23,987 INFO o.a.j.t.JMeterThread: Thread started: Thread Group 1-5
2025-01-18 12:14:24,044 INFO o.a.j.t.JMeterThread: Thread is done: Thread Group 1-3
2025-01-18 12:14:24,044 INFO o.a.j.t.JMeterThread: Thread is done: Thread Group 1-2
2025-01-18 12:14:24,044 INFO o.a.j.t.JMeterThread: Thread is done: Thread Group 1-4
2025-01-18 12:14:24,044 INFO o.a.j.t.JMeterThread: Thread is done: Thread Group 1-5
2025-01-18 12:14:24,044 INFO o.a.j.t.JMeterThread: Thread finished: Thread Group 1-2
2025-01-18 12:14:24,044 INFO o.a.j.t.JMeterThread: Thread finished: Thread Group 1-3
2025-01-18 12:14:24,044 INFO o.a.j.t.JMeterThread: Thread finished: Thread Group 1-5
2025-01-18 12:14:24,044 INFO o.a.j.t.JMeterThread: Thread is done: Thread Group 1-1
2025-01-18 12:14:24,044 INFO o.a.j.t.JMeterThread: Thread finished: Thread Group 1-4
2025-01-18 12:14:24,044 INFO o.a.j.t.JMeterThread: Thread finished: Thread Group 1-1
2025-01-18 12:14:24,056 INFO o.a.j.t.JMeterThread: Thread started: Thread Group 1-6
2025-01-18 12:14:24,121 INFO o.a.j.t.JMeterThread: Thread started: Thread Group 1-7
2025-01-18 12:14:24,188 INFO o.a.j.t.JMeterThread: Thread started: Thread Group 1-8
2025-01-18 12:14:24,255 INFO o.a.j.t.JMeterThread: Thread started: Thread Group 1-9
2025-01-18 12:14:24,322 INFO o.a.j.t.JMeterThread: Thread started: Thread Group 1-10
2025-01-18 12:14:24,388 INFO o.a.j.t.JMeterThread: Thread started: Thread Group 1-11
2025-01-18 12:14:24,456 INFO o.a.j.t.JMeterThread: Thread started: Thread Group 1-12
2025-01-18 12:14:24,522 INFO o.a.j.t.JMeterThread: Thread started: Thread Group 1-13
2025-01-18 12:14:24,590 INFO o.a.j.t.JMeterThread: Thread started: Thread Group 1-14
2025-01-18 12:14:24,656 INFO o.a.j.t.JMeterThread: Thread started: Thread Group 1-15
2025-01-18 12:14:26,424 INFO o.a.j.t.JMeterThread: Thread is done: Thread Group 1-6
2025-01-18 12:14:26,424 INFO o.a.j.t.JMeterThread: Thread is done: Thread Group 1-8
2025-01-18 12:14:26,424 INFO o.a.j.t.JMeterThread: Thread is done: Thread Group 1-7
2025-01-18 12:14:26,424 INFO o.a.j.t.JMeterThread: Thread finished: Thread Group 1-6
2025-01-18 12:14:26,424 INFO o.a.j.t.JMeterThread: Thread is done: Thread Group 1-10
2025-01-18 12:14:26,424 INFO o.a.j.t.JMeterThread: Thread finished: Thread Group 1-8
2025-01-18 12:14:26,424 INFO o.a.j.t.JMeterThread: Thread finished: Thread Group 1-7
2025-01-18 12:14:26,424 INFO o.a.j.t.JMeterThread: Thread finished: Thread Group 1-10
2025-01-18 12:14:26,426 INFO o.a.j.t.JMeterThread: Thread is done: Thread Group 1-9
2025-01-18 12:14:26,426 INFO o.a.j.t.JMeterThread: Thread finished: Thread Group 1-9
2025-01-18 12:14:29,408 INFO o.a.j.t.JMeterThread: Thread is done: Thread Group 1-11
2025-01-18 12:14:29,409 INFO o.a.j.t.JMeterThread: Thread finished: Thread Group 1-11
2025-01-18 12:14:29,470 INFO o.a.j.t.JMeterThread: Thread is done: Thread Group 1-12
2025-01-18 12:14:29,470 INFO o.a.j.t.JMeterThread: Thread finished: Thread Group 1-12
2025-01-18 12:14:29,533 INFO o.a.j.t.JMeterThread: Thread is done: Thread Group 1-13
2025-01-18 12:14:29,534 INFO o.a.j.t.JMeterThread: Thread finished: Thread Group 1-13
2025-01-18 12:14:29,611 INFO o.a.j.t.JMeterThread: Thread is done: Thread Group 1-14
2025-01-18 12:14:29,612 INFO o.a.j.t.JMeterThread: Thread finished: Thread Group 1-14
2025-01-18 12:14:29,673 INFO o.a.j.t.JMeterThread: Thread is done: Thread Group 1-15
2025-01-18 12:14:29,673 INFO o.a.j.t.JMeterThread: Thread finished: Thread Group 1-15
2025-01-18 12:14:29,673 INFO o.a.j.e.StandardJMeterEngine: Notifying test listeners of end of test
2025-01-18 12:14:29,673 INFO o.a.j.g.u.JMeterMenuBar: setRunning(false, *local*)
2025-01-18 12:14:31,007 INFO o.a.j.e.StandardJMeterEngine: Running the test!
2025-01-18 12:14:31,008 INFO o.a.j.s.SampleEvent: List of sample_variables: []
2025-01-18 12:14:31,008 INFO o.a.j.g.u.JMeterMenuBar: setRunning(true, *local*)
2025-01-18 12:14:31,037 INFO o.a.j.e.StandardJMeterEngine: Starting ThreadGroup: 1 : Thread Group
2025-01-18 12:14:31,037 INFO o.a.j.e.StandardJMeterEngine: Starting 15 threads for group Thread Group.
2025-01-18 12:14:31,037 INFO o.a.j.e.StandardJMeterEngine: Thread will continue on error
2025-01-18 12:14:31,037 INFO o.a.j.t.ThreadGroup: Starting thread group... number=1 threads=15 ramp-up=1 delayedStart=false
2025-01-18 12:14:31,038 INFO o.a.j.t.JMeterThread: Thread started: Thread Group 1-1
2025-01-18 12:14:31,042 INFO o.a.j.t.ThreadGroup: Started thread group number 1
2025-01-18 12:14:31,042 INFO o.a.j.e.StandardJMeterEngine: All thread groups have been started
2025-01-18 12:14:31,106 INFO o.a.j.t.JMeterThread: Thread started: Thread Group 1-2
2025-01-18 12:14:31,172 INFO o.a.j.t.JMeterThread: Thread started: Thread Group 1-3
2025-01-18 12:14:31,239 INFO o.a.j.t.JMeterThread: Thread started: Thread Group 1-4
2025-01-18 12:14:31,307 INFO o.a.j.t.JMeterThread: Thread started: Thread Group 1-5
2025-01-18 12:14:31,374 INFO o.a.j.t.JMeterThread: Thread started: Thread Group 1-6
2025-01-18 12:14:31,414 INFO o.a.j.t.JMeterThread: Thread is done: Thread Group 1-4
2025-01-18 12:14:31,414 INFO o.a.j.t.JMeterThread: Thread finished: Thread Group 1-4
2025-01-18 12:14:31,415 INFO o.a.j.t.JMeterThread: Thread is done: Thread Group 1-1
2025-01-18 12:14:31,415 INFO o.a.j.t.JMeterThread: Thread finished: Thread Group 1-1
2025-01-18 12:14:31,416 INFO o.a.j.t.JMeterThread: Thread is done: Thread Group 1-5
2025-01-18 12:14:31,416 INFO o.a.j.t.JMeterThread: Thread is done: Thread Group 1-3
2025-01-18 12:14:31,416 INFO o.a.j.t.JMeterThread: Thread is done: Thread Group 1-2
2025-01-18 12:14:31,416 INFO o.a.j.t.JMeterThread: Thread finished: Thread Group 1-5
2025-01-18 12:14:31,416 INFO o.a.j.t.JMeterThread: Thread finished: Thread Group 1-2
2025-01-18 12:14:31,416 INFO o.a.j.t.JMeterThread: Thread finished: Thread Group 1-3
2025-01-18 12:14:31,442 INFO o.a.j.t.JMeterThread: Thread started: Thread Group 1-7
2025-01-18 12:14:31,507 INFO o.a.j.t.JMeterThread: Thread started: Thread Group 1-8
2025-01-18 12:14:31,580 INFO o.a.j.t.JMeterThread: Thread started: Thread Group 1-9
2025-01-18 12:14:31,641 INFO o.a.j.t.JMeterThread: Thread started: Thread Group 1-10
2025-01-18 12:14:31,708 INFO o.a.j.t.JMeterThread: Thread started: Thread Group 1-11
2025-01-18 12:14:31,775 INFO o.a.j.t.JMeterThread: Thread started: Thread Group 1-12
2025-01-18 12:14:31,842 INFO o.a.j.t.JMeterThread: Thread started: Thread Group 1-13
2025-01-18 12:14:31,909 INFO o.a.j.t.JMeterThread: Thread started: Thread Group 1-14
2025-01-18 12:14:31,976 INFO o.a.j.t.JMeterThread: Thread started: Thread Group 1-15
2025-01-18 12:14:36,383 INFO o.a.j.t.JMeterThread: Thread is done: Thread Group 1-6
2025-01-18 12:14:36,383 INFO o.a.j.t.JMeterThread: Thread finished: Thread Group 1-6
2025-01-18 12:14:36,425 INFO o.a.j.t.JMeterThread: Thread is done: Thread Group 1-9
2025-01-18 12:14:36,425 INFO o.a.j.t.JMeterThread: Thread is done: Thread Group 1-7
2025-01-18 12:14:36,425 INFO o.a.j.t.JMeterThread: Thread finished: Thread Group 1-9
2025-01-18 12:14:36,425 INFO o.a.j.t.JMeterThread: Thread finished: Thread Group 1-7
2025-01-18 12:14:36,427 INFO o.a.j.t.JMeterThread: Thread is done: Thread Group 1-10
2025-01-18 12:14:36,427 INFO o.a.j.t.JMeterThread: Thread finished: Thread Group 1-10
2025-01-18 12:14:36,431 INFO o.a.j.t.JMeterThread: Thread is done: Thread Group 1-11
2025-01-18 12:14:36,431 INFO o.a.j.t.JMeterThread: Thread finished: Thread Group 1-11
2025-01-18 12:14:36,433 INFO o.a.j.t.JMeterThread: Thread is done: Thread Group 1-8
2025-01-18 12:14:36,434 INFO o.a.j.t.JMeterThread: Thread finished: Thread Group 1-8
2025-01-18 12:14:36,794 INFO o.a.j.t.JMeterThread: Thread is done: Thread Group 1-12
2025-01-18 12:14:36,794 INFO o.a.j.t.JMeterThread: Thread finished: Thread Group 1-12
2025-01-18 12:14:36,856 INFO o.a.j.t.JMeterThread: Thread is done: Thread Group 1-13
2025-01-18 12:14:36,856 INFO o.a.j.t.JMeterThread: Thread finished: Thread Group 1-13
2025-01-18 12:14:36,919 INFO o.a.j.t.JMeterThread: Thread is done: Thread Group 1-14
2025-01-18 12:14:36,920 INFO o.a.j.t.JMeterThread: Thread finished: Thread Group 1-14
2025-01-18 12:14:36,983 INFO o.a.j.t.JMeterThread: Thread is done: Thread Group 1-15
2025-01-18 12:14:36,984 INFO o.a.j.t.JMeterThread: Thread finished: Thread Group 1-15
2025-01-18 12:14:36,984 INFO o.a.j.e.StandardJMeterEngine: Notifying test listeners of end of test
2025-01-18 12:14:36,984 INFO o.a.j.g.u.JMeterMenuBar: setRunning(false, *local*)
2025-01-18 12:14:47,238 INFO o.a.j.e.StandardJMeterEngine: Running the test!
2025-01-18 12:14:47,238 INFO o.a.j.s.SampleEvent: List of sample_variables: []
2025-01-18 12:14:47,238 INFO o.a.j.g.u.JMeterMenuBar: setRunning(true, *local*)
2025-01-18 12:14:47,272 INFO o.a.j.e.StandardJMeterEngine: Starting ThreadGroup: 1 : Thread Group
2025-01-18 12:14:47,272 INFO o.a.j.e.StandardJMeterEngine: Starting 100 threads for group Thread Group.
2025-01-18 12:14:47,273 INFO o.a.j.e.StandardJMeterEngine: Thread will continue on error
2025-01-18 12:14:47,273 INFO o.a.j.t.ThreadGroup: Starting thread group... number=1 threads=100 ramp-up=1 delayedStart=false
2025-01-18 12:14:47,274 INFO o.a.j.t.JMeterThread: Thread started: Thread Group 1-1
2025-01-18 12:14:47,285 INFO o.a.j.t.JMeterThread: Thread started: Thread Group 1-2
2025-01-18 12:14:47,294 INFO o.a.j.t.JMeterThread: Thread started: Thread Group 1-3
2025-01-18 12:14:47,305 INFO o.a.j.t.JMeterThread: Thread started: Thread Group 1-4
2025-01-18 12:14:47,306 INFO o.a.j.t.ThreadGroup: Started thread group number 1
2025-01-18 12:14:47,307 INFO o.a.j.e.StandardJMeterEngine: All thread groups have been started
2025-01-18 12:14:47,307 INFO o.a.j.t.JMeterThread: Thread is done: Thread Group 1-2
2025-01-18 12:14:47,307 INFO o.a.j.t.JMeterThread: Thread finished: Thread Group 1-2
2025-01-18 12:14:47,308 INFO o.a.j.t.JMeterThread: Thread is done: Thread Group 1-1
2025-01-18 12:14:47,308 INFO o.a.j.t.JMeterThread: Thread finished: Thread Group 1-1
2025-01-18 12:14:47,315 INFO o.a.j.t.JMeterThread: Thread started: Thread Group 1-5
2025-01-18 12:14:47,324 INFO o.a.j.t.JMeterThread: Thread started: Thread Group 1-6
2025-01-18 12:14:47,331 INFO o.a.j.t.JMeterThread: Thread is done: Thread Group 1-4
2025-01-18 12:14:47,331 INFO o.a.j.t.JMeterThread: Thread finished: Thread Group 1-4
2025-01-18 12:14:47,334 INFO o.a.j.t.JMeterThread: Thread started: Thread Group 1-7
2025-01-18 12:14:47,336 INFO o.a.j.t.JMeterThread: Thread is done: Thread Group 1-3
2025-01-18 12:14:47,337 INFO o.a.j.t.JMeterThread: Thread finished: Thread Group 1-3
2025-01-18 12:14:47,345 INFO o.a.j.t.JMeterThread: Thread started: Thread Group 1-8
2025-01-18 12:14:47,347 INFO o.a.j.t.JMeterThread: Thread is done: Thread Group 1-5
2025-01-18 12:14:47,348 INFO o.a.j.t.JMeterThread: Thread finished: Thread Group 1-5
2025-01-18 12:14:47,355 INFO o.a.j.t.JMeterThread: Thread started: Thread Group 1-9
2025-01-18 12:14:47,364 INFO o.a.j.t.JMeterThread: Thread started: Thread Group 1-10
2025-01-18 12:14:47,375 INFO o.a.j.t.JMeterThread: Thread started: Thread Group 1-11
2025-01-18 12:14:47,385 INFO o.a.j.t.JMeterThread: Thread started: Thread Group 1-12
2025-01-18 12:14:47,394 INFO o.a.j.t.JMeterThread: Thread started: Thread Group 1-13
2025-01-18 12:14:47,404 INFO o.a.j.t.JMeterThread: Thread started: Thread Group 1-14
2025-01-18 12:14:47,415 INFO o.a.j.t.JMeterThread: Thread started: Thread Group 1-15
2025-01-18 12:14:47,424 INFO o.a.j.t.JMeterThread: Thread started: Thread Group 1-16
2025-01-18 12:14:47,435 INFO o.a.j.t.JMeterThread: Thread started: Thread Group 1-17
2025-01-18 12:14:47,446 INFO o.a.j.t.JMeterThread: Thread started: Thread Group 1-18
2025-01-18 12:14:47,455 INFO o.a.j.t.JMeterThread: Thread started: Thread Group 1-19
2025-01-18 12:14:47,465 INFO o.a.j.t.JMeterThread: Thread started: Thread Group 1-20
2025-01-18 12:14:47,476 INFO o.a.j.t.JMeterThread: Thread started: Thread Group 1-21
2025-01-18 12:14:47,485 INFO o.a.j.t.JMeterThread: Thread started: Thread Group 1-22
2025-01-18 12:14:47,496 INFO o.a.j.t.JMeterThread: Thread started: Thread Group 1-23
2025-01-18 12:14:47,506 INFO o.a.j.t.JMeterThread: Thread started: Thread Group 1-24
2025-01-18 12:14:47,516 INFO o.a.j.t.JMeterThread: Thread started: Thread Group 1-25
2025-01-18 12:14:47,525 INFO o.a.j.t.JMeterThread: Thread started: Thread Group 1-26
2025-01-18 12:14:47,535 INFO o.a.j.t.JMeterThread: Thread started: Thread Group 1-27
2025-01-18 12:14:47,544 INFO o.a.j.t.JMeterThread: Thread started: Thread Group 1-28
2025-01-18 12:14:47,555 INFO o.a.j.t.JMeterThread: Thread started: Thread Group 1-29
2025-01-18 12:14:47,566 INFO o.a.j.t.JMeterThread: Thread started: Thread Group 1-30
2025-01-18 12:14:47,574 INFO o.a.j.t.JMeterThread: Thread started: Thread Group 1-31
2025-01-18 12:14:47,585 INFO o.a.j.t.JMeterThread: Thread started: Thread Group 1-32
2025-01-18 12:14:47,597 INFO o.a.j.t.JMeterThread: Thread started: Thread Group 1-33
2025-01-18 12:14:47,605 INFO o.a.j.t.JMeterThread: Thread started: Thread Group 1-34
2025-01-18 12:14:47,615 INFO o.a.j.t.JMeterThread: Thread started: Thread Group 1-35
2025-01-18 12:14:47,626 INFO o.a.j.t.JMeterThread: Thread started: Thread Group 1-36
2025-01-18 12:14:47,638 INFO o.a.j.t.JMeterThread: Thread started: Thread Group 1-37
2025-01-18 12:14:47,647 INFO o.a.j.t.JMeterThread: Thread started: Thread Group 1-38
2025-01-18 12:14:47,658 INFO o.a.j.t.JMeterThread: Thread started: Thread Group 1-39
2025-01-18 12:14:47,678 INFO o.a.j.t.JMeterThread: Thread started: Thread Group 1-41
2025-01-18 12:14:47,687 INFO o.a.j.t.JMeterThread: Thread started: Thread Group 1-40
2025-01-18 12:14:47,690 INFO o.a.j.t.JMeterThread: Thread started: Thread Group 1-42
2025-01-18 12:14:47,706 INFO o.a.j.t.JMeterThread: Thread started: Thread Group 1-43
2025-01-18 12:14:47,718 INFO o.a.j.t.JMeterThread: Thread started: Thread Group 1-44
2025-01-18 12:14:47,726 INFO o.a.j.t.JMeterThread: Thread started: Thread Group 1-45
2025-01-18 12:14:47,754 INFO o.a.j.t.JMeterThread: Thread started: Thread Group 1-47
2025-01-18 12:14:47,763 INFO o.a.j.t.JMeterThread: Thread started: Thread Group 1-48
2025-01-18 12:14:47,774 INFO o.a.j.t.JMeterThread: Thread started: Thread Group 1-49
2025-01-18 12:14:47,775 INFO o.a.j.t.JMeterThread: Thread started: Thread Group 1-51
2025-01-18 12:14:47,776 INFO o.a.j.t.JMeterThread: Thread started: Thread Group 1-46
2025-01-18 12:14:47,785 INFO o.a.j.t.JMeterThread: Thread started: Thread Group 1-50
2025-01-18 12:14:47,804 INFO o.a.j.t.JMeterThread: Thread started: Thread Group 1-52
2025-01-18 12:14:47,815 INFO o.a.j.t.JMeterThread: Thread started: Thread Group 1-53
2025-01-18 12:14:47,825 INFO o.a.j.t.JMeterThread: Thread started: Thread Group 1-54
2025-01-18 12:14:47,835 INFO o.a.j.t.JMeterThread: Thread started: Thread Group 1-55
2025-01-18 12:14:47,846 INFO o.a.j.t.JMeterThread: Thread started: Thread Group 1-56
2025-01-18 12:14:47,856 INFO o.a.j.t.JMeterThread: Thread started: Thread Group 1-57
2025-01-18 12:14:47,864 INFO o.a.j.t.JMeterThread: Thread started: Thread Group 1-58
2025-01-18 12:14:47,876 INFO o.a.j.t.JMeterThread: Thread started: Thread Group 1-59
2025-01-18 12:14:47,882 INFO o.a.j.t.JMeterThread: Thread started: Thread Group 1-60
2025-01-18 12:14:47,894 INFO o.a.j.t.JMeterThread: Thread started: Thread Group 1-61
2025-01-18 12:14:47,905 INFO o.a.j.t.JMeterThread: Thread started: Thread Group 1-62
2025-01-18 12:14:47,917 INFO o.a.j.t.JMeterThread: Thread started: Thread Group 1-63
2025-01-18 12:14:47,931 INFO o.a.j.t.JMeterThread: Thread started: Thread Group 1-64
2025-01-18 12:14:47,947 INFO o.a.j.t.JMeterThread: Thread started: Thread Group 1-65
2025-01-18 12:14:47,949 INFO o.a.j.t.JMeterThread: Thread started: Thread Group 1-66
2025-01-18 12:14:47,966 INFO o.a.j.t.JMeterThread: Thread started: Thread Group 1-67
2025-01-18 12:14:47,978 INFO o.a.j.t.JMeterThread: Thread started: Thread Group 1-68
2025-01-18 12:14:47,989 INFO o.a.j.t.JMeterThread: Thread started: Thread Group 1-69
2025-01-18 12:14:47,999 INFO o.a.j.t.JMeterThread: Thread started: Thread Group 1-70
2025-01-18 12:14:48,009 INFO o.a.j.t.JMeterThread: Thread started: Thread Group 1-71
2025-01-18 12:14:48,022 INFO o.a.j.t.JMeterThread: Thread started: Thread Group 1-72
2025-01-18 12:14:48,032 INFO o.a.j.t.JMeterThread: Thread started: Thread Group 1-73
2025-01-18 12:14:48,044 INFO o.a.j.t.JMeterThread: Thread started: Thread Group 1-74
2025-01-18 12:14:48,054 INFO o.a.j.t.JMeterThread: Thread started: Thread Group 1-75
2025-01-18 12:14:48,061 INFO o.a.j.t.JMeterThread: Thread started: Thread Group 1-79
2025-01-18 12:14:48,064 INFO o.a.j.t.JMeterThread: Thread started: Thread Group 1-76
2025-01-18 12:14:48,073 INFO o.a.j.t.JMeterThread: Thread started: Thread Group 1-77
2025-01-18 12:14:48,084 INFO o.a.j.t.JMeterThread: Thread started: Thread Group 1-78
2025-01-18 12:14:48,104 INFO o.a.j.t.JMeterThread: Thread started: Thread Group 1-80
2025-01-18 12:14:48,113 INFO o.a.j.t.JMeterThread: Thread started: Thread Group 1-81
2025-01-18 12:14:48,123 INFO o.a.j.t.JMeterThread: Thread started: Thread Group 1-82
2025-01-18 12:14:48,133 INFO o.a.j.t.JMeterThread: Thread started: Thread Group 1-83
2025-01-18 12:14:48,145 INFO o.a.j.t.JMeterThread: Thread started: Thread Group 1-84
2025-01-18 12:14:48,153 INFO o.a.j.t.JMeterThread: Thread started: Thread Group 1-85
2025-01-18 12:14:48,163 INFO o.a.j.t.JMeterThread: Thread started: Thread Group 1-86
2025-01-18 12:14:48,173 INFO o.a.j.t.JMeterThread: Thread started: Thread Group 1-87
2025-01-18 12:14:48,183 INFO o.a.j.t.JMeterThread: Thread started: Thread Group 1-88
2025-01-18 12:14:48,194 INFO o.a.j.t.JMeterThread: Thread started: Thread Group 1-89
2025-01-18 12:14:48,203 INFO o.a.j.t.JMeterThread: Thread started: Thread Group 1-90
2025-01-18 12:14:48,213 INFO o.a.j.t.JMeterThread: Thread started: Thread Group 1-91
2025-01-18 12:14:48,225 INFO o.a.j.t.JMeterThread: Thread started: Thread Group 1-92
2025-01-18 12:14:48,237 INFO o.a.j.t.JMeterThread: Thread started: Thread Group 1-93
2025-01-18 12:14:48,243 INFO o.a.j.t.JMeterThread: Thread started: Thread Group 1-94
2025-01-18 12:14:48,252 INFO o.a.j.t.JMeterThread: Thread started: Thread Group 1-95
2025-01-18 12:14:48,264 INFO o.a.j.t.JMeterThread: Thread started: Thread Group 1-96
2025-01-18 12:14:48,277 INFO o.a.j.t.JMeterThread: Thread started: Thread Group 1-97
2025-01-18 12:14:48,287 INFO o.a.j.t.JMeterThread: Thread started: Thread Group 1-98
2025-01-18 12:14:48,296 INFO o.a.j.t.JMeterThread: Thread started: Thread Group 1-99
2025-01-18 12:14:48,307 INFO o.a.j.t.JMeterThread: Thread started: Thread Group 1-100
2025-01-18 12:14:51,411 INFO o.a.j.t.JMeterThread: Thread is done: Thread Group 1-6
2025-01-18 12:14:51,411 INFO o.a.j.t.JMeterThread: Thread finished: Thread Group 1-6
2025-01-18 12:14:51,411 INFO o.a.j.t.JMeterThread: Thread is done: Thread Group 1-9
2025-01-18 12:14:51,411 INFO o.a.j.t.JMeterThread: Thread finished: Thread Group 1-9
2025-01-18 12:14:51,414 INFO o.a.j.t.JMeterThread: Thread is done: Thread Group 1-10
2025-01-18 12:14:51,414 INFO o.a.j.t.JMeterThread: Thread finished: Thread Group 1-10
2025-01-18 12:14:51,415 INFO o.a.j.t.JMeterThread: Thread is done: Thread Group 1-8
2025-01-18 12:14:51,415 INFO o.a.j.t.JMeterThread: Thread finished: Thread Group 1-8
2025-01-18 12:14:51,416 INFO o.a.j.t.JMeterThread: Thread is done: Thread Group 1-7
2025-01-18 12:14:51,416 INFO o.a.j.t.JMeterThread: Thread finished: Thread Group 1-7
2025-01-18 12:14:52,389 INFO o.a.j.t.JMeterThread: Thread is done: Thread Group 1-11
2025-01-18 12:14:52,389 INFO o.a.j.t.JMeterThread: Thread finished: Thread Group 1-11
2025-01-18 12:14:52,405 INFO o.a.j.t.JMeterThread: Thread is done: Thread Group 1-12
2025-01-18 12:14:52,405 INFO o.a.j.t.JMeterThread: Thread is done: Thread Group 1-13
2025-01-18 12:14:52,405 INFO o.a.j.t.JMeterThread: Thread finished: Thread Group 1-12
2025-01-18 12:14:52,405 INFO o.a.j.t.JMeterThread: Thread finished: Thread Group 1-13
2025-01-18 12:14:52,421 INFO o.a.j.t.JMeterThread: Thread is done: Thread Group 1-14
2025-01-18 12:14:52,421 INFO o.a.j.t.JMeterThread: Thread is done: Thread Group 1-15
2025-01-18 12:14:52,421 INFO o.a.j.t.JMeterThread: Thread finished: Thread Group 1-15
2025-01-18 12:14:52,421 INFO o.a.j.t.JMeterThread: Thread finished: Thread Group 1-14
2025-01-18 12:14:52,437 INFO o.a.j.t.JMeterThread: Thread is done: Thread Group 1-16
2025-01-18 12:14:52,437 INFO o.a.j.t.JMeterThread: Thread finished: Thread Group 1-16
2025-01-18 12:14:52,451 INFO o.a.j.t.JMeterThread: Thread is done: Thread Group 1-17
2025-01-18 12:14:52,451 INFO o.a.j.t.JMeterThread: Thread finished: Thread Group 1-17
2025-01-18 12:14:52,467 INFO o.a.j.t.JMeterThread: Thread is done: Thread Group 1-19
2025-01-18 12:14:52,467 INFO o.a.j.t.JMeterThread: Thread is done: Thread Group 1-18
2025-01-18 12:14:52,467 INFO o.a.j.t.JMeterThread: Thread finished: Thread Group 1-19
2025-01-18 12:14:52,467 INFO o.a.j.t.JMeterThread: Thread finished: Thread Group 1-18
2025-01-18 12:14:52,483 INFO o.a.j.t.JMeterThread: Thread is done: Thread Group 1-20
2025-01-18 12:14:52,483 INFO o.a.j.t.JMeterThread: Thread finished: Thread Group 1-20
2025-01-18 12:14:52,499 INFO o.a.j.t.JMeterThread: Thread is done: Thread Group 1-22
2025-01-18 12:14:52,499 INFO o.a.j.t.JMeterThread: Thread is done: Thread Group 1-21
2025-01-18 12:14:52,499 INFO o.a.j.t.JMeterThread: Thread finished: Thread Group 1-22
2025-01-18 12:14:52,499 INFO o.a.j.t.JMeterThread: Thread finished: Thread Group 1-21
2025-01-18 12:14:52,515 INFO o.a.j.t.JMeterThread: Thread is done: Thread Group 1-24
2025-01-18 12:14:52,515 INFO o.a.j.t.JMeterThread: Thread is done: Thread Group 1-23
2025-01-18 12:14:52,516 INFO o.a.j.t.JMeterThread: Thread finished: Thread Group 1-24
2025-01-18 12:14:52,516 INFO o.a.j.t.JMeterThread: Thread finished: Thread Group 1-23
2025-01-18 12:14:52,531 INFO o.a.j.t.JMeterThread: Thread is done: Thread Group 1-25
2025-01-18 12:14:52,531 INFO o.a.j.t.JMeterThread: Thread finished: Thread Group 1-25
2025-01-18 12:14:52,545 INFO o.a.j.t.JMeterThread: Thread is done: Thread Group 1-27
2025-01-18 12:14:52,545 INFO o.a.j.t.JMeterThread: Thread is done: Thread Group 1-26
2025-01-18 12:14:52,545 INFO o.a.j.t.JMeterThread: Thread finished: Thread Group 1-27
2025-01-18 12:14:52,545 INFO o.a.j.t.JMeterThread: Thread finished: Thread Group 1-26
2025-01-18 12:14:52,561 INFO o.a.j.t.JMeterThread: Thread is done: Thread Group 1-28
2025-01-18 12:14:52,561 INFO o.a.j.t.JMeterThread: Thread finished: Thread Group 1-28
2025-01-18 12:14:52,576 INFO o.a.j.t.JMeterThread: Thread is done: Thread Group 1-30
2025-01-18 12:14:52,576 INFO o.a.j.t.JMeterThread: Thread finished: Thread Group 1-30
2025-01-18 12:14:52,576 INFO o.a.j.t.JMeterThread: Thread is done: Thread Group 1-29
2025-01-18 12:14:52,576 INFO o.a.j.t.JMeterThread: Thread finished: Thread Group 1-29
2025-01-18 12:14:52,593 INFO o.a.j.t.JMeterThread: Thread is done: Thread Group 1-31
2025-01-18 12:14:52,593 INFO o.a.j.t.JMeterThread: Thread is done: Thread Group 1-32
2025-01-18 12:14:52,594 INFO o.a.j.t.JMeterThread: Thread finished: Thread Group 1-31
2025-01-18 12:14:52,594 INFO o.a.j.t.JMeterThread: Thread finished: Thread Group 1-32
2025-01-18 12:14:52,609 INFO o.a.j.t.JMeterThread: Thread is done: Thread Group 1-33
2025-01-18 12:14:52,609 INFO o.a.j.t.JMeterThread: Thread finished: Thread Group 1-33
2025-01-18 12:14:52,624 INFO o.a.j.t.JMeterThread: Thread is done: Thread Group 1-35
2025-01-18 12:14:52,624 INFO o.a.j.t.JMeterThread: Thread is done: Thread Group 1-34
2025-01-18 12:14:52,624 INFO o.a.j.t.JMeterThread: Thread finished: Thread Group 1-35
2025-01-18 12:14:52,624 INFO o.a.j.t.JMeterThread: Thread finished: Thread Group 1-34
2025-01-18 12:14:52,640 INFO o.a.j.t.JMeterThread: Thread is done: Thread Group 1-36
2025-01-18 12:14:52,640 INFO o.a.j.t.JMeterThread: Thread finished: Thread Group 1-36
2025-01-18 12:14:52,655 INFO o.a.j.t.JMeterThread: Thread is done: Thread Group 1-38
2025-01-18 12:14:52,655 INFO o.a.j.t.JMeterThread: Thread is done: Thread Group 1-37
2025-01-18 12:14:52,655 INFO o.a.j.t.JMeterThread: Thread finished: Thread Group 1-38
2025-01-18 12:14:52,655 INFO o.a.j.t.JMeterThread: Thread finished: Thread Group 1-37
2025-01-18 12:14:52,671 INFO o.a.j.t.JMeterThread: Thread is done: Thread Group 1-39
2025-01-18 12:14:52,671 INFO o.a.j.t.JMeterThread: Thread finished: Thread Group 1-39
2025-01-18 12:14:52,685 INFO o.a.j.t.JMeterThread: Thread is done: Thread Group 1-41
2025-01-18 12:14:52,685 INFO o.a.j.t.JMeterThread: Thread finished: Thread Group 1-41
2025-01-18 12:14:52,701 INFO o.a.j.t.JMeterThread: Thread is done: Thread Group 1-42
2025-01-18 12:14:52,701 INFO o.a.j.t.JMeterThread: Thread is done: Thread Group 1-40
2025-01-18 12:14:52,701 INFO o.a.j.t.JMeterThread: Thread finished: Thread Group 1-42
2025-01-18 12:14:52,701 INFO o.a.j.t.JMeterThread: Thread finished: Thread Group 1-40
2025-01-18 12:14:52,717 INFO o.a.j.t.JMeterThread: Thread is done: Thread Group 1-43
2025-01-18 12:14:52,717 INFO o.a.j.t.JMeterThread: Thread finished: Thread Group 1-43
2025-01-18 12:14:52,733 INFO o.a.j.t.JMeterThread: Thread is done: Thread Group 1-44
2025-01-18 12:14:52,733 INFO o.a.j.t.JMeterThread: Thread is done: Thread Group 1-45
2025-01-18 12:14:52,733 INFO o.a.j.t.JMeterThread: Thread finished: Thread Group 1-44
2025-01-18 12:14:52,733 INFO o.a.j.t.JMeterThread: Thread finished: Thread Group 1-45
2025-01-18 12:14:52,766 INFO o.a.j.t.JMeterThread: Thread is done: Thread Group 1-47
2025-01-18 12:14:52,766 INFO o.a.j.t.JMeterThread: Thread finished: Thread Group 1-47
2025-01-18 12:14:52,781 INFO o.a.j.t.JMeterThread: Thread is done: Thread Group 1-48
2025-01-18 12:14:52,781 INFO o.a.j.t.JMeterThread: Thread is done: Thread Group 1-51
2025-01-18 12:14:52,781 INFO o.a.j.t.JMeterThread: Thread finished: Thread Group 1-48
2025-01-18 12:14:52,781 INFO o.a.j.t.JMeterThread: Thread finished: Thread Group 1-51
2025-01-18 12:14:52,782 INFO o.a.j.t.JMeterThread: Thread is done: Thread Group 1-49
2025-01-18 12:14:52,782 INFO o.a.j.t.JMeterThread: Thread finished: Thread Group 1-49
2025-01-18 12:14:52,797 INFO o.a.j.t.JMeterThread: Thread is done: Thread Group 1-50
2025-01-18 12:14:52,798 INFO o.a.j.t.JMeterThread: Thread is done: Thread Group 1-46
2025-01-18 12:14:52,798 INFO o.a.j.t.JMeterThread: Thread finished: Thread Group 1-50
2025-01-18 12:14:52,798 INFO o.a.j.t.JMeterThread: Thread finished: Thread Group 1-46
2025-01-18 12:14:52,814 INFO o.a.j.t.JMeterThread: Thread is done: Thread Group 1-52
2025-01-18 12:14:52,814 INFO o.a.j.t.JMeterThread: Thread finished: Thread Group 1-52
2025-01-18 12:14:52,829 INFO o.a.j.t.JMeterThread: Thread is done: Thread Group 1-53
2025-01-18 12:14:52,829 INFO o.a.j.t.JMeterThread: Thread finished: Thread Group 1-53
2025-01-18 12:14:52,845 INFO o.a.j.t.JMeterThread: Thread is done: Thread Group 1-54
2025-01-18 12:14:52,845 INFO o.a.j.t.JMeterThread: Thread is done: Thread Group 1-55
2025-01-18 12:14:52,845 INFO o.a.j.t.JMeterThread: Thread finished: Thread Group 1-54
2025-01-18 12:14:52,845 INFO o.a.j.t.JMeterThread: Thread finished: Thread Group 1-55
2025-01-18 12:14:52,860 INFO o.a.j.t.JMeterThread: Thread is done: Thread Group 1-56
2025-01-18 12:14:52,860 INFO o.a.j.t.JMeterThread: Thread finished: Thread Group 1-56
2025-01-18 12:14:52,876 INFO o.a.j.t.JMeterThread: Thread is done: Thread Group 1-58
2025-01-18 12:14:52,876 INFO o.a.j.t.JMeterThread: Thread finished: Thread Group 1-58
2025-01-18 12:14:52,878 INFO o.a.j.t.JMeterThread: Thread is done: Thread Group 1-57
2025-01-18 12:14:52,878 INFO o.a.j.t.JMeterThread: Thread finished: Thread Group 1-57
2025-01-18 12:14:52,893 INFO o.a.j.t.JMeterThread: Thread is done: Thread Group 1-60
2025-01-18 12:14:52,893 INFO o.a.j.t.JMeterThread: Thread is done: Thread Group 1-59
2025-01-18 12:14:52,893 INFO o.a.j.t.JMeterThread: Thread finished: Thread Group 1-60
2025-01-18 12:14:52,893 INFO o.a.j.t.JMeterThread: Thread finished: Thread Group 1-59
2025-01-18 12:14:52,909 INFO o.a.j.t.JMeterThread: Thread is done: Thread Group 1-61
2025-01-18 12:14:52,909 INFO o.a.j.t.JMeterThread: Thread finished: Thread Group 1-61
2025-01-18 12:14:52,924 INFO o.a.j.t.JMeterThread: Thread is done: Thread Group 1-63
2025-01-18 12:14:52,924 INFO o.a.j.t.JMeterThread: Thread is done: Thread Group 1-62
2025-01-18 12:14:52,924 INFO o.a.j.t.JMeterThread: Thread finished: Thread Group 1-62
2025-01-18 12:14:52,924 INFO o.a.j.t.JMeterThread: Thread finished: Thread Group 1-63
2025-01-18 12:14:52,939 INFO o.a.j.t.JMeterThread: Thread is done: Thread Group 1-64
2025-01-18 12:14:52,939 INFO o.a.j.t.JMeterThread: Thread finished: Thread Group 1-64
2025-01-18 12:14:52,954 INFO o.a.j.t.JMeterThread: Thread is done: Thread Group 1-65
2025-01-18 12:14:52,954 INFO o.a.j.t.JMeterThread: Thread finished: Thread Group 1-65
2025-01-18 12:14:52,956 INFO o.a.j.t.JMeterThread: Thread is done: Thread Group 1-66
2025-01-18 12:14:52,956 INFO o.a.j.t.JMeterThread: Thread finished: Thread Group 1-66
2025-01-18 12:14:52,985 INFO o.a.j.t.JMeterThread: Thread is done: Thread Group 1-67
2025-01-18 12:14:52,985 INFO o.a.j.t.JMeterThread: Thread finished: Thread Group 1-67
2025-01-18 12:14:53,000 INFO o.a.j.t.JMeterThread: Thread is done: Thread Group 1-68
2025-01-18 12:14:53,000 INFO o.a.j.t.JMeterThread: Thread finished: Thread Group 1-68
2025-01-18 12:14:53,002 INFO o.a.j.t.JMeterThread: Thread is done: Thread Group 1-69
2025-01-18 12:14:53,002 INFO o.a.j.t.JMeterThread: Thread finished: Thread Group 1-69
2025-01-18 12:14:53,016 INFO o.a.j.t.JMeterThread: Thread is done: Thread Group 1-70
2025-01-18 12:14:53,016 INFO o.a.j.t.JMeterThread: Thread finished: Thread Group 1-70
2025-01-18 12:14:53,032 INFO o.a.j.t.JMeterThread: Thread is done: Thread Group 1-72
2025-01-18 12:14:53,032 INFO o.a.j.t.JMeterThread: Thread finished: Thread Group 1-72
2025-01-18 12:14:53,032 INFO o.a.j.t.JMeterThread: Thread is done: Thread Group 1-71
2025-01-18 12:14:53,032 INFO o.a.j.t.JMeterThread: Thread finished: Thread Group 1-71
2025-01-18 12:14:53,047 INFO o.a.j.t.JMeterThread: Thread is done: Thread Group 1-73
2025-01-18 12:14:53,047 INFO o.a.j.t.JMeterThread: Thread finished: Thread Group 1-73
2025-01-18 12:14:53,061 INFO o.a.j.t.JMeterThread: Thread is done: Thread Group 1-75
2025-01-18 12:14:53,061 INFO o.a.j.t.JMeterThread: Thread is done: Thread Group 1-74
2025-01-18 12:14:53,061 INFO o.a.j.t.JMeterThread: Thread finished: Thread Group 1-75
2025-01-18 12:14:53,061 INFO o.a.j.t.JMeterThread: Thread finished: Thread Group 1-74
2025-01-18 12:14:53,076 INFO o.a.j.t.JMeterThread: Thread is done: Thread Group 1-76
2025-01-18 12:14:53,076 INFO o.a.j.t.JMeterThread: Thread is done: Thread Group 1-79
2025-01-18 12:14:53,076 INFO o.a.j.t.JMeterThread: Thread finished: Thread Group 1-76
2025-01-18 12:14:53,076 INFO o.a.j.t.JMeterThread: Thread finished: Thread Group 1-79
2025-01-18 12:14:53,092 INFO o.a.j.t.JMeterThread: Thread is done: Thread Group 1-78
2025-01-18 12:14:53,092 INFO o.a.j.t.JMeterThread: Thread is done: Thread Group 1-77
2025-01-18 12:14:53,092 INFO o.a.j.t.JMeterThread: Thread finished: Thread Group 1-78
2025-01-18 12:14:53,092 INFO o.a.j.t.JMeterThread: Thread finished: Thread Group 1-77
2025-01-18 12:14:53,122 INFO o.a.j.t.JMeterThread: Thread is done: Thread Group 1-80
2025-01-18 12:14:53,122 INFO o.a.j.t.JMeterThread: Thread is done: Thread Group 1-81
2025-01-18 12:14:53,122 INFO o.a.j.t.JMeterThread: Thread finished: Thread Group 1-80
2025-01-18 12:14:53,122 INFO o.a.j.t.JMeterThread: Thread finished: Thread Group 1-81
2025-01-18 12:14:53,139 INFO o.a.j.t.JMeterThread: Thread is done: Thread Group 1-82
2025-01-18 12:14:53,139 INFO o.a.j.t.JMeterThread: Thread finished: Thread Group 1-82
2025-01-18 12:14:53,154 INFO o.a.j.t.JMeterThread: Thread is done: Thread Group 1-83
2025-01-18 12:14:53,154 INFO o.a.j.t.JMeterThread: Thread finished: Thread Group 1-83
2025-01-18 12:14:53,154 INFO o.a.j.t.JMeterThread: Thread is done: Thread Group 1-84
2025-01-18 12:14:53,154 INFO o.a.j.t.JMeterThread: Thread finished: Thread Group 1-84
2025-01-18 12:14:53,169 INFO o.a.j.t.JMeterThread: Thread is done: Thread Group 1-86
2025-01-18 12:14:53,169 INFO o.a.j.t.JMeterThread: Thread is done: Thread Group 1-85
2025-01-18 12:14:53,169 INFO o.a.j.t.JMeterThread: Thread finished: Thread Group 1-86
2025-01-18 12:14:53,169 INFO o.a.j.t.JMeterThread: Thread finished: Thread Group 1-85
2025-01-18 12:14:53,185 INFO o.a.j.t.JMeterThread: Thread is done: Thread Group 1-87
2025-01-18 12:14:53,185 INFO o.a.j.t.JMeterThread: Thread finished: Thread Group 1-87
2025-01-18 12:14:53,216 INFO o.a.j.t.JMeterThread: Thread is done: Thread Group 1-90
2025-01-18 12:14:53,216 INFO o.a.j.t.JMeterThread: Thread is done: Thread Group 1-89
2025-01-18 12:14:53,216 INFO o.a.j.t.JMeterThread: Thread is done: Thread Group 1-88
2025-01-18 12:14:53,216 INFO o.a.j.t.JMeterThread: Thread finished: Thread Group 1-90
2025-01-18 12:14:53,216 INFO o.a.j.t.JMeterThread: Thread finished: Thread Group 1-89
2025-01-18 12:14:53,216 INFO o.a.j.t.JMeterThread: Thread finished: Thread Group 1-88
2025-01-18 12:14:53,231 INFO o.a.j.t.JMeterThread: Thread is done: Thread Group 1-92
2025-01-18 12:14:53,231 INFO o.a.j.t.JMeterThread: Thread is done: Thread Group 1-91
2025-01-18 12:14:53,232 INFO o.a.j.t.JMeterThread: Thread finished: Thread Group 1-92
2025-01-18 12:14:53,232 INFO o.a.j.t.JMeterThread: Thread finished: Thread Group 1-91
2025-01-18 12:14:53,247 INFO o.a.j.t.JMeterThread: Thread is done: Thread Group 1-93
2025-01-18 12:14:53,248 INFO o.a.j.t.JMeterThread: Thread finished: Thread Group 1-93
2025-01-18 12:14:53,262 INFO o.a.j.t.JMeterThread: Thread is done: Thread Group 1-94
2025-01-18 12:14:53,262 INFO o.a.j.t.JMeterThread: Thread is done: Thread Group 1-95
2025-01-18 12:14:53,262 INFO o.a.j.t.JMeterThread: Thread finished: Thread Group 1-94
2025-01-18 12:14:53,262 INFO o.a.j.t.JMeterThread: Thread finished: Thread Group 1-95
2025-01-18 12:14:53,278 INFO o.a.j.t.JMeterThread: Thread is done: Thread Group 1-96
2025-01-18 12:14:53,278 INFO o.a.j.t.JMeterThread: Thread finished: Thread Group 1-96
2025-01-18 12:14:53,294 INFO o.a.j.t.JMeterThread: Thread is done: Thread Group 1-97
2025-01-18 12:14:53,294 INFO o.a.j.t.JMeterThread: Thread finished: Thread Group 1-97
2025-01-18 12:14:53,294 INFO o.a.j.t.JMeterThread: Thread is done: Thread Group 1-98
2025-01-18 12:14:53,294 INFO o.a.j.t.JMeterThread: Thread finished: Thread Group 1-98
2025-01-18 12:14:53,310 INFO o.a.j.t.JMeterThread: Thread is done: Thread Group 1-99
2025-01-18 12:14:53,310 INFO o.a.j.t.JMeterThread: Thread finished: Thread Group 1-99
2025-01-18 12:14:53,326 INFO o.a.j.t.JMeterThread: Thread is done: Thread Group 1-100
2025-01-18 12:14:53,327 INFO o.a.j.t.JMeterThread: Thread finished: Thread Group 1-100
2025-01-18 12:14:53,327 INFO o.a.j.e.StandardJMeterEngine: Notifying test listeners of end of test
2025-01-18 12:14:53,327 INFO o.a.j.g.u.JMeterMenuBar: setRunning(false, *local*)
